[13-Apr-2026 13:18:13 UTC] WordPress database error <div style="clear:both">&nbsp;</div>
<div class="queries" style="clear:both;margin-bottom:2px;border:red dotted thin;">
<p>MySQL query:</p>
<p>UPDATE wp_actionscheduler_actions t1 JOIN ( SELECT action_id from wp_actionscheduler_actions WHERE claim_id = 0 AND scheduled_date_gmt <= '2026-04-13 13:18:13' AND status='pending' ORDER BY priority ASC, attempts ASC, scheduled_date_gmt ASC, action_id ASC LIMIT 25 FOR UPDATE ) t2 ON t1.action_id = t2.action_id SET claim_id=1, last_attempt_gmt='2026-04-13 13:18:13', last_attempt_local='2026-04-13 13:18:13'</p>
<p>Queries made or created this session were:</p>
<ol>
<li>Executing: BEGIN | (no parameters)</li>
<li>Executing: UPDATE wp_actionscheduler_actions t1 JOIN ( SELECT action_id from wp_actionscheduler_actions WHERE claim_id = 0 AND scheduled_date_gmt &lt;= :param0  AND status=:param1  ORDER BY priority ASC, attempts ASC, scheduled_date_gmt ASC, action_id ASC LIMIT 25 FOR UPDATE ) t2 ON t1.action_id = t2.action_id SET claim_id=1, last_attempt_gmt=:param2 , last_attempt_local=:param3  | parameters: 2026-04-13 13:18:13, pending, 2026-04-13 13:18:13, 2026-04-13 13:18:13</li>
<li>Executing: ROLLBACK | (no parameters)</li>
</ol>
</div>
<div style="clear:both;margin-bottom:2px;border:red dotted thin;" class="error_message" style="border-bottom:dotted blue thin;">
Error occurred at line 4117 in Function <code>handle_error</code>. Error message was: SQLSTATE[HY000]: General error: 1 near "t1": syntax error.
</div>
<p>Backtrace:</p>
<pre>#0 /workspaces/Assignment-4-part-2/.wordpress/wp-content/mu-plugins/sqlite-database-integration/wp-includes/sqlite/class-wp-sqlite-db.php(287): WP_SQLite_Translator->get_error_message()
#1 /workspaces/Assignment-4-part-2/.wordpress/wp-content/plugins/woocommerce/packages/action-scheduler/classes/data-stores/ActionScheduler_DBStore.php(1014): WP_SQLite_DB->query('UPDATE wp_actio...')
#2 /workspaces/Assignment-4-part-2/.wordpress/wp-content/plugins/woocommerce/packages/action-scheduler/classes/data-stores/ActionScheduler_DBStore.php(861): ActionScheduler_DBStore->claim_actions(1, 25, NULL, '', '')
#3 /workspaces/Assignment-4-part-2/.wordpress/wp-content/plugins/woocommerce/packages/action-scheduler/classes/data-stores/ActionScheduler_HybridStore.php(253): ActionScheduler_DBStore->stake_claim(25, NULL, Array, '')
#4 /workspaces/Assignment-4-part-2/.wordpress/wp-content/plugins/woocommerce/packages/action-scheduler/classes/ActionScheduler_QueueRunner.php(179): ActionScheduler_HybridStore->stake_claim(25)
#5 /workspaces/Assignment-4-part-2/.wordpress/wp-content/plugins/woocommerce/packages/action-scheduler/classes/ActionScheduler_QueueRunner.php(158): ActionScheduler_QueueRunner->do_batch(25, 'WP Cron')
#6 /workspaces/Assignment-4-part-2/.wordpress/wp-includes/class-wp-hook.php(341): ActionScheduler_QueueRunner->run('WP Cron')
#7 /workspaces/Assignment-4-part-2/.wordpress/wp-includes/class-wp-hook.php(365): WP_Hook->apply_filters('', Array)
#8 /workspaces/Assignment-4-part-2/.wordpress/wp-includes/plugin.php(570): WP_Hook->do_action(Array)
#9 /workspaces/Assignment-4-part-2/.wordpress/wp-cron.php(191): do_action_ref_array('action_schedule...', Array)
#10 {main}</pre>
 for query UPDATE wp_actionscheduler_actions t1 JOIN ( SELECT action_id from wp_actionscheduler_actions WHERE claim_id = 0 AND scheduled_date_gmt <= '2026-04-13 13:18:13' AND status='pending' ORDER BY priority ASC, attempts ASC, scheduled_date_gmt ASC, action_id ASC LIMIT 25 FOR UPDATE ) t2 ON t1.action_id = t2.action_id SET claim_id=1, last_attempt_gmt='2026-04-13 13:18:13', last_attempt_local='2026-04-13 13:18:13' made by do_action_ref_array('action_scheduler_run_queue'), WP_Hook->do_action, WP_Hook->apply_filters, ActionScheduler_QueueRunner->run, ActionScheduler_QueueRunner->do_batch, ActionScheduler_HybridStore->stake_claim, ActionScheduler_DBStore->stake_claim, ActionScheduler_DBStore->claim_actions, WP_SQLite_DB->query, WP_SQLite_DB->print_error
[13-Apr-2026 13:18:13 UTC] PHP Fatal error:  Uncaught RuntimeException: Unable to claim actions. Database error: <div style="clear:both">&nbsp;</div>
<div class="queries" style="clear:both;margin-bottom:2px;border:red dotted thin;">
<p>MySQL query:</p>
<p>UPDATE wp_actionscheduler_actions t1 JOIN ( SELECT action_id from wp_actionscheduler_actions WHERE claim_id = 0 AND scheduled_date_gmt <= '2026-04-13 13:18:13' AND status='pending' ORDER BY priority ASC, attempts ASC, scheduled_date_gmt ASC, action_id ASC LIMIT 25 FOR UPDATE ) t2 ON t1.action_id = t2.action_id SET claim_id=1, last_attempt_gmt='2026-04-13 13:18:13', last_attempt_local='2026-04-13 13:18:13'</p>
<p>Queries made or created this session were:</p>
<ol>
<li>Executing: BEGIN | (no parameters)</li>
<li>Executing: UPDATE wp_actionscheduler_actions t1 JOIN ( SELECT action_id from wp_actionscheduler_actions WHERE claim_id = 0 AND scheduled_date_gmt &lt;= :param0  AND status=:param1  ORDER BY priority ASC, attempts ASC, scheduled_date_gmt ASC, action_id ASC LIMIT 25 FOR UPDATE ) t2 ON t1.action_id = t2.action_id SET claim_id=1, last_attempt_gmt=:param2 , last_attempt_local=:param3  | parameters: 2026-04-13 13:18:13, pending, 2026-04-13 13:18:13, 2026-04-13 13:18:13</li>
<li>Executing: ROLLBACK | (no parameters)</li>
</ol>
</div>
<div style="clear:both;margin-bottom:2px;border:red dotted thin;" class="error_message" style="border-bottom:dotted blue thin;">
Error occurred at line 4117 in Function <code>handle_error</code>. Error message was: SQLSTATE[HY000]: General error: 1 near "t1": syntax error.
</div>
<p>Backtrace:</p>
<pre>#0 /workspaces/Assignment-4-part-2/.wordpress/wp-content/mu-plugins/sqlite-database-integration/wp-includes/sqlite/class-wp-sqlite-db.php(287): WP_SQLite_Translator->get_error_message()
#1 /workspaces/Assignment-4-part-2/.wordpress/wp-content/plugins/woocommerce/packages/action-scheduler/classes/data-stores/ActionScheduler_DBStore.php(1014): WP_SQLite_DB->query('UPDATE wp_actio...')
#2 /workspaces/Assignment-4-part-2/.wordpress/wp-content/plugins/woocommerce/packages/action-scheduler/classes/data-stores/ActionScheduler_DBStore.php(861): ActionScheduler_DBStore->claim_actions(1, 25, NULL, '', '')
#3 /workspaces/Assignment-4-part-2/.wordpress/wp-content/plugins/woocommerce/packages/action-scheduler/classes/data-stores/ActionScheduler_HybridStore.php(253): ActionScheduler_DBStore->stake_claim(25, NULL, Array, '')
#4 /workspaces/Assignment-4-part-2/.wordpress/wp-content/plugins/woocommerce/packages/action-scheduler/classes/ActionScheduler_QueueRunner.php(179): ActionScheduler_HybridStore->stake_claim(25)
#5 /workspaces/Assignment-4-part-2/.wordpress/wp-content/plugins/woocommerce/packages/action-scheduler/classes/ActionScheduler_QueueRunner.php(158): ActionScheduler_QueueRunner->do_batch(25, 'WP Cron')
#6 /workspaces/Assignment-4-part-2/.wordpress/wp-includes/class-wp-hook.php(341): ActionScheduler_QueueRunner->run('WP Cron')
#7 /workspaces/Assignment-4-part-2/.wordpress/wp-includes/class-wp-hook.php(365): WP_Hook->apply_filters('', Array)
#8 /workspaces/Assignment-4-part-2/.wordpress/wp-includes/plugin.php(570): WP_Hook->do_action(Array)
#9 /workspaces/Assignment-4-part-2/.wordpress/wp-cron.php(191): do_action_ref_array('action_schedule...', Array)
#10 {main}</pre>
. in /workspaces/Assignment-4-part-2/.wordpress/wp-content/plugins/woocommerce/packages/action-scheduler/classes/data-stores/ActionScheduler_DBStore.php:1019
Stack trace:
#0 /workspaces/Assignment-4-part-2/.wordpress/wp-content/plugins/woocommerce/packages/action-scheduler/classes/data-stores/ActionScheduler_DBStore.php(861): ActionScheduler_DBStore->claim_actions(1, 25, NULL, '', '')
#1 /workspaces/Assignment-4-part-2/.wordpress/wp-content/plugins/woocommerce/packages/action-scheduler/classes/data-stores/ActionScheduler_HybridStore.php(253): ActionScheduler_DBStore->stake_claim(25, NULL, Array, '')
#2 /workspaces/Assignment-4-part-2/.wordpress/wp-content/plugins/woocommerce/packages/action-scheduler/classes/ActionScheduler_QueueRunner.php(179): ActionScheduler_HybridStore->stake_claim(25)
#3 /workspaces/Assignment-4-part-2/.wordpress/wp-content/plugins/woocommerce/packages/action-scheduler/classes/ActionScheduler_QueueRunner.php(158): ActionScheduler_QueueRunner->do_batch(25, 'WP Cron')
#4 /workspaces/Assignment-4-part-2/.wordpress/wp-includes/class-wp-hook.php(341): ActionScheduler_QueueRunner->run('WP Cron')
#5 /workspaces/Assignment-4-part-2/.wordpress/wp-includes/class-wp-hook.php(365): WP_Hook->apply_filters('', Array)
#6 /workspaces/Assignment-4-part-2/.wordpress/wp-includes/plugin.php(570): WP_Hook->do_action(Array)
#7 /workspaces/Assignment-4-part-2/.wordpress/wp-cron.php(191): do_action_ref_array('action_schedule...', Array)
#8 {main}
  thrown in /workspaces/Assignment-4-part-2/.wordpress/wp-content/plugins/woocommerce/packages/action-scheduler/classes/data-stores/ActionScheduler_DBStore.php on line 1019
[13-Apr-2026 13:19:28 UTC] WordPress database error <div style="clear:both">&nbsp;</div>
<div class="queries" style="clear:both;margin-bottom:2px;border:red dotted thin;">
<p>MySQL query:</p>
<p>UPDATE wp_actionscheduler_actions t1 JOIN ( SELECT action_id from wp_actionscheduler_actions WHERE claim_id = 0 AND scheduled_date_gmt <= '2026-04-13 13:19:28' AND status='pending' ORDER BY priority ASC, attempts ASC, scheduled_date_gmt ASC, action_id ASC LIMIT 25 FOR UPDATE ) t2 ON t1.action_id = t2.action_id SET claim_id=2, last_attempt_gmt='2026-04-13 13:19:28', last_attempt_local='2026-04-13 13:19:28'</p>
<p>Queries made or created this session were:</p>
<ol>
<li>Executing: BEGIN | (no parameters)</li>
<li>Executing: UPDATE wp_actionscheduler_actions t1 JOIN ( SELECT action_id from wp_actionscheduler_actions WHERE claim_id = 0 AND scheduled_date_gmt &lt;= :param0  AND status=:param1  ORDER BY priority ASC, attempts ASC, scheduled_date_gmt ASC, action_id ASC LIMIT 25 FOR UPDATE ) t2 ON t1.action_id = t2.action_id SET claim_id=2, last_attempt_gmt=:param2 , last_attempt_local=:param3  | parameters: 2026-04-13 13:19:28, pending, 2026-04-13 13:19:28, 2026-04-13 13:19:28</li>
<li>Executing: ROLLBACK | (no parameters)</li>
</ol>
</div>
<div style="clear:both;margin-bottom:2px;border:red dotted thin;" class="error_message" style="border-bottom:dotted blue thin;">
Error occurred at line 4117 in Function <code>handle_error</code>. Error message was: SQLSTATE[HY000]: General error: 1 near "t1": syntax error.
</div>
<p>Backtrace:</p>
<pre>#0 /workspaces/Assignment-4-part-2/.wordpress/wp-content/mu-plugins/sqlite-database-integration/wp-includes/sqlite/class-wp-sqlite-db.php(287): WP_SQLite_Translator->get_error_message()
#1 /workspaces/Assignment-4-part-2/.wordpress/wp-content/plugins/woocommerce/packages/action-scheduler/classes/data-stores/ActionScheduler_DBStore.php(1014): WP_SQLite_DB->query('UPDATE wp_actio...')
#2 /workspaces/Assignment-4-part-2/.wordpress/wp-content/plugins/woocommerce/packages/action-scheduler/classes/data-stores/ActionScheduler_DBStore.php(861): ActionScheduler_DBStore->claim_actions(2, 25, NULL, '', '')
#3 /workspaces/Assignment-4-part-2/.wordpress/wp-content/plugins/woocommerce/packages/action-scheduler/classes/data-stores/ActionScheduler_HybridStore.php(253): ActionScheduler_DBStore->stake_claim(25, NULL, Array, '')
#4 /workspaces/Assignment-4-part-2/.wordpress/wp-content/plugins/woocommerce/packages/action-scheduler/classes/ActionScheduler_QueueRunner.php(179): ActionScheduler_HybridStore->stake_claim(25)
#5 /workspaces/Assignment-4-part-2/.wordpress/wp-content/plugins/woocommerce/packages/action-scheduler/classes/ActionScheduler_QueueRunner.php(158): ActionScheduler_QueueRunner->do_batch(25, 'WP Cron')
#6 /workspaces/Assignment-4-part-2/.wordpress/wp-includes/class-wp-hook.php(341): ActionScheduler_QueueRunner->run('WP Cron')
#7 /workspaces/Assignment-4-part-2/.wordpress/wp-includes/class-wp-hook.php(365): WP_Hook->apply_filters('', Array)
#8 /workspaces/Assignment-4-part-2/.wordpress/wp-includes/plugin.php(570): WP_Hook->do_action(Array)
#9 /workspaces/Assignment-4-part-2/.wordpress/wp-cron.php(191): do_action_ref_array('action_schedule...', Array)
#10 {main}</pre>
 for query UPDATE wp_actionscheduler_actions t1 JOIN ( SELECT action_id from wp_actionscheduler_actions WHERE claim_id = 0 AND scheduled_date_gmt <= '2026-04-13 13:19:28' AND status='pending' ORDER BY priority ASC, attempts ASC, scheduled_date_gmt ASC, action_id ASC LIMIT 25 FOR UPDATE ) t2 ON t1.action_id = t2.action_id SET claim_id=2, last_attempt_gmt='2026-04-13 13:19:28', last_attempt_local='2026-04-13 13:19:28' made by do_action_ref_array('action_scheduler_run_queue'), WP_Hook->do_action, WP_Hook->apply_filters, ActionScheduler_QueueRunner->run, ActionScheduler_QueueRunner->do_batch, ActionScheduler_HybridStore->stake_claim, ActionScheduler_DBStore->stake_claim, ActionScheduler_DBStore->claim_actions, WP_SQLite_DB->query, WP_SQLite_DB->print_error
[13-Apr-2026 13:19:28 UTC] PHP Fatal error:  Uncaught RuntimeException: Unable to claim actions. Database error: <div style="clear:both">&nbsp;</div>
<div class="queries" style="clear:both;margin-bottom:2px;border:red dotted thin;">
<p>MySQL query:</p>
<p>UPDATE wp_actionscheduler_actions t1 JOIN ( SELECT action_id from wp_actionscheduler_actions WHERE claim_id = 0 AND scheduled_date_gmt <= '2026-04-13 13:19:28' AND status='pending' ORDER BY priority ASC, attempts ASC, scheduled_date_gmt ASC, action_id ASC LIMIT 25 FOR UPDATE ) t2 ON t1.action_id = t2.action_id SET claim_id=2, last_attempt_gmt='2026-04-13 13:19:28', last_attempt_local='2026-04-13 13:19:28'</p>
<p>Queries made or created this session were:</p>
<ol>
<li>Executing: BEGIN | (no parameters)</li>
<li>Executing: UPDATE wp_actionscheduler_actions t1 JOIN ( SELECT action_id from wp_actionscheduler_actions WHERE claim_id = 0 AND scheduled_date_gmt &lt;= :param0  AND status=:param1  ORDER BY priority ASC, attempts ASC, scheduled_date_gmt ASC, action_id ASC LIMIT 25 FOR UPDATE ) t2 ON t1.action_id = t2.action_id SET claim_id=2, last_attempt_gmt=:param2 , last_attempt_local=:param3  | parameters: 2026-04-13 13:19:28, pending, 2026-04-13 13:19:28, 2026-04-13 13:19:28</li>
<li>Executing: ROLLBACK | (no parameters)</li>
</ol>
</div>
<div style="clear:both;margin-bottom:2px;border:red dotted thin;" class="error_message" style="border-bottom:dotted blue thin;">
Error occurred at line 4117 in Function <code>handle_error</code>. Error message was: SQLSTATE[HY000]: General error: 1 near "t1": syntax error.
</div>
<p>Backtrace:</p>
<pre>#0 /workspaces/Assignment-4-part-2/.wordpress/wp-content/mu-plugins/sqlite-database-integration/wp-includes/sqlite/class-wp-sqlite-db.php(287): WP_SQLite_Translator->get_error_message()
#1 /workspaces/Assignment-4-part-2/.wordpress/wp-content/plugins/woocommerce/packages/action-scheduler/classes/data-stores/ActionScheduler_DBStore.php(1014): WP_SQLite_DB->query('UPDATE wp_actio...')
#2 /workspaces/Assignment-4-part-2/.wordpress/wp-content/plugins/woocommerce/packages/action-scheduler/classes/data-stores/ActionScheduler_DBStore.php(861): ActionScheduler_DBStore->claim_actions(2, 25, NULL, '', '')
#3 /workspaces/Assignment-4-part-2/.wordpress/wp-content/plugins/woocommerce/packages/action-scheduler/classes/data-stores/ActionScheduler_HybridStore.php(253): ActionScheduler_DBStore->stake_claim(25, NULL, Array, '')
#4 /workspaces/Assignment-4-part-2/.wordpress/wp-content/plugins/woocommerce/packages/action-scheduler/classes/ActionScheduler_QueueRunner.php(179): ActionScheduler_HybridStore->stake_claim(25)
#5 /workspaces/Assignment-4-part-2/.wordpress/wp-content/plugins/woocommerce/packages/action-scheduler/classes/ActionScheduler_QueueRunner.php(158): ActionScheduler_QueueRunner->do_batch(25, 'WP Cron')
#6 /workspaces/Assignment-4-part-2/.wordpress/wp-includes/class-wp-hook.php(341): ActionScheduler_QueueRunner->run('WP Cron')
#7 /workspaces/Assignment-4-part-2/.wordpress/wp-includes/class-wp-hook.php(365): WP_Hook->apply_filters('', Array)
#8 /workspaces/Assignment-4-part-2/.wordpress/wp-includes/plugin.php(570): WP_Hook->do_action(Array)
#9 /workspaces/Assignment-4-part-2/.wordpress/wp-cron.php(191): do_action_ref_array('action_schedule...', Array)
#10 {main}</pre>
. in /workspaces/Assignment-4-part-2/.wordpress/wp-content/plugins/woocommerce/packages/action-scheduler/classes/data-stores/ActionScheduler_DBStore.php:1019
Stack trace:
#0 /workspaces/Assignment-4-part-2/.wordpress/wp-content/plugins/woocommerce/packages/action-scheduler/classes/data-stores/ActionScheduler_DBStore.php(861): ActionScheduler_DBStore->claim_actions(2, 25, NULL, '', '')
#1 /workspaces/Assignment-4-part-2/.wordpress/wp-content/plugins/woocommerce/packages/action-scheduler/classes/data-stores/ActionScheduler_HybridStore.php(253): ActionScheduler_DBStore->stake_claim(25, NULL, Array, '')
#2 /workspaces/Assignment-4-part-2/.wordpress/wp-content/plugins/woocommerce/packages/action-scheduler/classes/ActionScheduler_QueueRunner.php(179): ActionScheduler_HybridStore->stake_claim(25)
#3 /workspaces/Assignment-4-part-2/.wordpress/wp-content/plugins/woocommerce/packages/action-scheduler/classes/ActionScheduler_QueueRunner.php(158): ActionScheduler_QueueRunner->do_batch(25, 'WP Cron')
#4 /workspaces/Assignment-4-part-2/.wordpress/wp-includes/class-wp-hook.php(341): ActionScheduler_QueueRunner->run('WP Cron')
#5 /workspaces/Assignment-4-part-2/.wordpress/wp-includes/class-wp-hook.php(365): WP_Hook->apply_filters('', Array)
#6 /workspaces/Assignment-4-part-2/.wordpress/wp-includes/plugin.php(570): WP_Hook->do_action(Array)
#7 /workspaces/Assignment-4-part-2/.wordpress/wp-cron.php(191): do_action_ref_array('action_schedule...', Array)
#8 {main}
  thrown in /workspaces/Assignment-4-part-2/.wordpress/wp-content/plugins/woocommerce/packages/action-scheduler/classes/data-stores/ActionScheduler_DBStore.php on line 1019
[13-Apr-2026 13:20:16 UTC] WordPress database error <div style="clear:both">&nbsp;</div>
<div class="queries" style="clear:both;margin-bottom:2px;border:red dotted thin;">
<p>MySQL query:</p>
<p>UPDATE wp_actionscheduler_actions t1 JOIN ( SELECT action_id from wp_actionscheduler_actions WHERE claim_id = 0 AND scheduled_date_gmt <= '2026-04-13 13:20:16' AND status='pending' ORDER BY priority ASC, attempts ASC, scheduled_date_gmt ASC, action_id ASC LIMIT 25 FOR UPDATE ) t2 ON t1.action_id = t2.action_id SET claim_id=3, last_attempt_gmt='2026-04-13 13:20:16', last_attempt_local='2026-04-13 13:20:16'</p>
<p>Queries made or created this session were:</p>
<ol>
<li>Executing: BEGIN | (no parameters)</li>
<li>Executing: UPDATE wp_actionscheduler_actions t1 JOIN ( SELECT action_id from wp_actionscheduler_actions WHERE claim_id = 0 AND scheduled_date_gmt &lt;= :param0  AND status=:param1  ORDER BY priority ASC, attempts ASC, scheduled_date_gmt ASC, action_id ASC LIMIT 25 FOR UPDATE ) t2 ON t1.action_id = t2.action_id SET claim_id=3, last_attempt_gmt=:param2 , last_attempt_local=:param3  | parameters: 2026-04-13 13:20:16, pending, 2026-04-13 13:20:16, 2026-04-13 13:20:16</li>
<li>Executing: ROLLBACK | (no parameters)</li>
</ol>
</div>
<div style="clear:both;margin-bottom:2px;border:red dotted thin;" class="error_message" style="border-bottom:dotted blue thin;">
Error occurred at line 4117 in Function <code>handle_error</code>. Error message was: SQLSTATE[HY000]: General error: 1 near "t1": syntax error.
</div>
<p>Backtrace:</p>
<pre>#0 /workspaces/Assignment-4-part-2/.wordpress/wp-content/mu-plugins/sqlite-database-integration/wp-includes/sqlite/class-wp-sqlite-db.php(287): WP_SQLite_Translator->get_error_message()
#1 /workspaces/Assignment-4-part-2/.wordpress/wp-content/plugins/woocommerce/packages/action-scheduler/classes/data-stores/ActionScheduler_DBStore.php(1014): WP_SQLite_DB->query('UPDATE wp_actio...')
#2 /workspaces/Assignment-4-part-2/.wordpress/wp-content/plugins/woocommerce/packages/action-scheduler/classes/data-stores/ActionScheduler_DBStore.php(861): ActionScheduler_DBStore->claim_actions(3, 25, NULL, '', '')
#3 /workspaces/Assignment-4-part-2/.wordpress/wp-content/plugins/woocommerce/packages/action-scheduler/classes/data-stores/ActionScheduler_HybridStore.php(253): ActionScheduler_DBStore->stake_claim(25, NULL, Array, '')
#4 /workspaces/Assignment-4-part-2/.wordpress/wp-content/plugins/woocommerce/packages/action-scheduler/classes/ActionScheduler_QueueRunner.php(179): ActionScheduler_HybridStore->stake_claim(25)
#5 /workspaces/Assignment-4-part-2/.wordpress/wp-content/plugins/woocommerce/packages/action-scheduler/classes/ActionScheduler_QueueRunner.php(158): ActionScheduler_QueueRunner->do_batch(25, 'Async Request')
#6 /workspaces/Assignment-4-part-2/.wordpress/wp-includes/class-wp-hook.php(341): ActionScheduler_QueueRunner->run('Async Request')
#7 /workspaces/Assignment-4-part-2/.wordpress/wp-includes/class-wp-hook.php(365): WP_Hook->apply_filters('', Array)
#8 /workspaces/Assignment-4-part-2/.wordpress/wp-includes/plugin.php(522): WP_Hook->do_action(Array)
#9 /workspaces/Assignment-4-part-2/.wordpress/wp-content/plugins/woocommerce/packages/action-scheduler/classes/ActionScheduler_AsyncRequest_QueueRunner.php(48): do_action('action_schedule...', 'Async Request')
#10 /workspaces/Assignment-4-part-2/.wordpress/wp-content/plugins/woocommerce/includes/libraries/wp-async-request.php(147): ActionScheduler_AsyncRequest_QueueRunner->handle()
#11 /workspaces/Assignment-4-part-2/.wordpress/wp-includes/class-wp-hook.php(341): WP_Async_Request->maybe_handle('')
#12 /workspaces/Assignment-4-part-2/.wordpress/wp-includes/class-wp-hook.php(365): WP_Hook->apply_filters('', Array)
#13 /workspaces/Assignment-4-part-2/.wordpress/wp-includes/plugin.php(522): WP_Hook->do_action(Array)
#14 /workspaces/Assignment-4-part-2/.wordpress/wp-admin/admin-ajax.php(192): do_action('wp_ajax_as_asyn...')
#15 {main}</pre>
 for query UPDATE wp_actionscheduler_actions t1 JOIN ( SELECT action_id from wp_actionscheduler_actions WHERE claim_id = 0 AND scheduled_date_gmt <= '2026-04-13 13:20:16' AND status='pending' ORDER BY priority ASC, attempts ASC, scheduled_date_gmt ASC, action_id ASC LIMIT 25 FOR UPDATE ) t2 ON t1.action_id = t2.action_id SET claim_id=3, last_attempt_gmt='2026-04-13 13:20:16', last_attempt_local='2026-04-13 13:20:16' made by do_action('wp_ajax_as_async_request_queue_runner'), WP_Hook->do_action, WP_Hook->apply_filters, WP_Async_Request->maybe_handle, ActionScheduler_AsyncRequest_QueueRunner->handle, do_action('action_scheduler_run_queue'), WP_Hook->do_action, WP_Hook->apply_filters, ActionScheduler_QueueRunner->run, ActionScheduler_QueueRunner->do_batch, ActionScheduler_HybridStore->stake_claim, ActionScheduler_DBStore->stake_claim, ActionScheduler_DBStore->claim_actions, WP_SQLite_DB->query, WP_SQLite_DB->print_error
[13-Apr-2026 13:20:16 UTC] PHP Fatal error:  Uncaught RuntimeException: Unable to claim actions. Database error: <div style="clear:both">&nbsp;</div>
<div class="queries" style="clear:both;margin-bottom:2px;border:red dotted thin;">
<p>MySQL query:</p>
<p>UPDATE wp_actionscheduler_actions t1 JOIN ( SELECT action_id from wp_actionscheduler_actions WHERE claim_id = 0 AND scheduled_date_gmt <= '2026-04-13 13:20:16' AND status='pending' ORDER BY priority ASC, attempts ASC, scheduled_date_gmt ASC, action_id ASC LIMIT 25 FOR UPDATE ) t2 ON t1.action_id = t2.action_id SET claim_id=3, last_attempt_gmt='2026-04-13 13:20:16', last_attempt_local='2026-04-13 13:20:16'</p>
<p>Queries made or created this session were:</p>
<ol>
<li>Executing: BEGIN | (no parameters)</li>
<li>Executing: UPDATE wp_actionscheduler_actions t1 JOIN ( SELECT action_id from wp_actionscheduler_actions WHERE claim_id = 0 AND scheduled_date_gmt &lt;= :param0  AND status=:param1  ORDER BY priority ASC, attempts ASC, scheduled_date_gmt ASC, action_id ASC LIMIT 25 FOR UPDATE ) t2 ON t1.action_id = t2.action_id SET claim_id=3, last_attempt_gmt=:param2 , last_attempt_local=:param3  | parameters: 2026-04-13 13:20:16, pending, 2026-04-13 13:20:16, 2026-04-13 13:20:16</li>
<li>Executing: ROLLBACK | (no parameters)</li>
</ol>
</div>
<div style="clear:both;margin-bottom:2px;border:red dotted thin;" class="error_message" style="border-bottom:dotted blue thin;">
Error occurred at line 4117 in Function <code>handle_error</code>. Error message was: SQLSTATE[HY000]: General error: 1 near "t1": syntax error.
</div>
<p>Backtrace:</p>
<pre>#0 /workspaces/Assignment-4-part-2/.wordpress/wp-content/mu-plugins/sqlite-database-integration/wp-includes/sqlite/class-wp-sqlite-db.php(287): WP_SQLite_Translator->get_error_message()
#1 /workspaces/Assignment-4-part-2/.wordpress/wp-content/plugins/woocommerce/packages/action-scheduler/classes/data-stores/ActionScheduler_DBStore.php(1014): WP_SQLite_DB->query('UPDATE wp_actio...')
#2 /workspaces/Assignment-4-part-2/.wordpress/wp-content/plugins/woocommerce/packages/action-scheduler/classes/data-stores/ActionScheduler_DBStore.php(861): ActionScheduler_DBStore->claim_actions(3, 25, NULL, '', '')
#3 /workspaces/Assignment-4-part-2/.wordpress/wp-content/plugins/woocommerce/packages/action-scheduler/classes/data-stores/ActionScheduler_HybridStore.php(253): ActionScheduler_DBStore->stake_claim(25, NULL, Array, '')
#4 /workspaces/Assignment-4-part-2/.wordpress/wp-content/plugins/woocommerce/packages/action-scheduler/classes/ActionScheduler_QueueRunner.php(179): ActionScheduler_HybridStore->stake_claim(25)
#5 /workspaces/Assignment-4-part-2/.wordpress/wp-content/plugins/woocommerce/packages/action-scheduler/classes/ActionScheduler_QueueRunner.php(158): ActionScheduler_QueueRunner->do_batch(25, 'Async Request')
#6 /workspaces/Assignment-4-part-2/.wordpress/wp-includes/class-wp-hook.php(341): ActionScheduler_QueueRunner->run('Async Request')
#7 /workspaces/Assignment-4-part-2/.wordpress/wp-includes/class-wp-hook.php(365): WP_Hook->apply_filters('', Array)
#8 /workspaces/Assignment-4-part-2/.wordpress/wp-includes/plugin.php(522): WP_Hook->do_action(Array)
#9 /workspaces/Assignment-4-part-2/.wordpress/wp-content/plugins/woocommerce/packages/action-scheduler/classes/ActionScheduler_AsyncRequest_QueueRunner.php(48): do_action('action_schedule...', 'Async Request')
#10 /workspaces/Assignment-4-part-2/.wordpress/wp-content/plugins/woocommerce/includes/libraries/wp-async-request.php(147): ActionScheduler_AsyncRequest_QueueRunner->handle()
#11 /workspaces/Assignment-4-part-2/.wordpress/wp-includes/class-wp-hook.php(341): WP_Async_Request->maybe_handle('')
#12 /workspaces/Assignment-4-part-2/.wordpress/wp-includes/class-wp-hook.php(365): WP_Hook->apply_filters('', Array)
#13 /workspaces/Assignment-4-part-2/.wordpress/wp-includes/plugin.php(522): WP_Hook->do_action(Array)
#14 /workspaces/Assignment-4-part-2/.wordpress/wp-admin/admin-ajax.php(192): do_action('wp_ajax_as_asyn...')
#15 {main}</pre>
. in /workspaces/Assignment-4-part-2/.wordpress/wp-content/plugins/woocommerce/packages/action-scheduler/classes/data-stores/ActionScheduler_DBStore.php:1019
Stack trace:
#0 /workspaces/Assignment-4-part-2/.wordpress/wp-content/plugins/woocommerce/packages/action-scheduler/classes/data-stores/ActionScheduler_DBStore.php(861): ActionScheduler_DBStore->claim_actions(3, 25, NULL, '', '')
#1 /workspaces/Assignment-4-part-2/.wordpress/wp-content/plugins/woocommerce/packages/action-scheduler/classes/data-stores/ActionScheduler_HybridStore.php(253): ActionScheduler_DBStore->stake_claim(25, NULL, Array, '')
#2 /workspaces/Assignment-4-part-2/.wordpress/wp-content/plugins/woocommerce/packages/action-scheduler/classes/ActionScheduler_QueueRunner.php(179): ActionScheduler_HybridStore->stake_claim(25)
#3 /workspaces/Assignment-4-part-2/.wordpress/wp-content/plugins/woocommerce/packages/action-scheduler/classes/ActionScheduler_QueueRunner.php(158): ActionScheduler_QueueRunner->do_batch(25, 'Async Request')
#4 /workspaces/Assignment-4-part-2/.wordpress/wp-includes/class-wp-hook.php(341): ActionScheduler_QueueRunner->run('Async Request')
#5 /workspaces/Assignment-4-part-2/.wordpress/wp-includes/class-wp-hook.php(365): WP_Hook->apply_filters('', Array)
#6 /workspaces/Assignment-4-part-2/.wordpress/wp-includes/plugin.php(522): WP_Hook->do_action(Array)
#7 /workspaces/Assignment-4-part-2/.wordpress/wp-content/plugins/woocommerce/packages/action-scheduler/classes/ActionScheduler_AsyncRequest_QueueRunner.php(48): do_action('action_schedule...', 'Async Request')
#8 /workspaces/Assignment-4-part-2/.wordpress/wp-content/plugins/woocommerce/includes/libraries/wp-async-request.php(147): ActionScheduler_AsyncRequest_QueueRunner->handle()
#9 /workspaces/Assignment-4-part-2/.wordpress/wp-includes/class-wp-hook.php(341): WP_Async_Request->maybe_handle('')
#10 /workspaces/Assignment-4-part-2/.wordpress/wp-includes/class-wp-hook.php(365): WP_Hook->apply_filters('', Array)
#11 /workspaces/Assignment-4-part-2/.wordpress/wp-includes/plugin.php(522): WP_Hook->do_action(Array)
#12 /workspaces/Assignment-4-part-2/.wordpress/wp-admin/admin-ajax.php(192): do_action('wp_ajax_as_asyn...')
#13 {main}
  thrown in /workspaces/Assignment-4-part-2/.wordpress/wp-content/plugins/woocommerce/packages/action-scheduler/classes/data-stores/ActionScheduler_DBStore.php on line 1019
[13-Apr-2026 13:21:16 UTC] WordPress database error <div style="clear:both">&nbsp;</div>
<div class="queries" style="clear:both;margin-bottom:2px;border:red dotted thin;">
<p>MySQL query:</p>
<p>UPDATE wp_actionscheduler_actions t1 JOIN ( SELECT action_id from wp_actionscheduler_actions WHERE claim_id = 0 AND scheduled_date_gmt <= '2026-04-13 13:21:16' AND status='pending' ORDER BY priority ASC, attempts ASC, scheduled_date_gmt ASC, action_id ASC LIMIT 25 FOR UPDATE ) t2 ON t1.action_id = t2.action_id SET claim_id=4, last_attempt_gmt='2026-04-13 13:21:16', last_attempt_local='2026-04-13 13:21:16'</p>
<p>Queries made or created this session were:</p>
<ol>
<li>Executing: BEGIN | (no parameters)</li>
<li>Executing: UPDATE wp_actionscheduler_actions t1 JOIN ( SELECT action_id from wp_actionscheduler_actions WHERE claim_id = 0 AND scheduled_date_gmt &lt;= :param0  AND status=:param1  ORDER BY priority ASC, attempts ASC, scheduled_date_gmt ASC, action_id ASC LIMIT 25 FOR UPDATE ) t2 ON t1.action_id = t2.action_id SET claim_id=4, last_attempt_gmt=:param2 , last_attempt_local=:param3  | parameters: 2026-04-13 13:21:16, pending, 2026-04-13 13:21:16, 2026-04-13 13:21:16</li>
<li>Executing: ROLLBACK | (no parameters)</li>
</ol>
</div>
<div style="clear:both;margin-bottom:2px;border:red dotted thin;" class="error_message" style="border-bottom:dotted blue thin;">
Error occurred at line 4117 in Function <code>handle_error</code>. Error message was: SQLSTATE[HY000]: General error: 1 near "t1": syntax error.
</div>
<p>Backtrace:</p>
<pre>#0 /workspaces/Assignment-4-part-2/.wordpress/wp-content/mu-plugins/sqlite-database-integration/wp-includes/sqlite/class-wp-sqlite-db.php(287): WP_SQLite_Translator->get_error_message()
#1 /workspaces/Assignment-4-part-2/.wordpress/wp-content/plugins/woocommerce/packages/action-scheduler/classes/data-stores/ActionScheduler_DBStore.php(1014): WP_SQLite_DB->query('UPDATE wp_actio...')
#2 /workspaces/Assignment-4-part-2/.wordpress/wp-content/plugins/woocommerce/packages/action-scheduler/classes/data-stores/ActionScheduler_DBStore.php(861): ActionScheduler_DBStore->claim_actions(4, 25, NULL, '', '')
#3 /workspaces/Assignment-4-part-2/.wordpress/wp-content/plugins/woocommerce/packages/action-scheduler/classes/data-stores/ActionScheduler_HybridStore.php(253): ActionScheduler_DBStore->stake_claim(25, NULL, Array, '')
#4 /workspaces/Assignment-4-part-2/.wordpress/wp-content/plugins/woocommerce/packages/action-scheduler/classes/ActionScheduler_QueueRunner.php(179): ActionScheduler_HybridStore->stake_claim(25)
#5 /workspaces/Assignment-4-part-2/.wordpress/wp-content/plugins/woocommerce/packages/action-scheduler/classes/ActionScheduler_QueueRunner.php(158): ActionScheduler_QueueRunner->do_batch(25, 'WP Cron')
#6 /workspaces/Assignment-4-part-2/.wordpress/wp-includes/class-wp-hook.php(341): ActionScheduler_QueueRunner->run('WP Cron')
#7 /workspaces/Assignment-4-part-2/.wordpress/wp-includes/class-wp-hook.php(365): WP_Hook->apply_filters('', Array)
#8 /workspaces/Assignment-4-part-2/.wordpress/wp-includes/plugin.php(570): WP_Hook->do_action(Array)
#9 /workspaces/Assignment-4-part-2/.wordpress/wp-cron.php(191): do_action_ref_array('action_schedule...', Array)
#10 {main}</pre>
 for query UPDATE wp_actionscheduler_actions t1 JOIN ( SELECT action_id from wp_actionscheduler_actions WHERE claim_id = 0 AND scheduled_date_gmt <= '2026-04-13 13:21:16' AND status='pending' ORDER BY priority ASC, attempts ASC, scheduled_date_gmt ASC, action_id ASC LIMIT 25 FOR UPDATE ) t2 ON t1.action_id = t2.action_id SET claim_id=4, last_attempt_gmt='2026-04-13 13:21:16', last_attempt_local='2026-04-13 13:21:16' made by do_action_ref_array('action_scheduler_run_queue'), WP_Hook->do_action, WP_Hook->apply_filters, ActionScheduler_QueueRunner->run, ActionScheduler_QueueRunner->do_batch, ActionScheduler_HybridStore->stake_claim, ActionScheduler_DBStore->stake_claim, ActionScheduler_DBStore->claim_actions, WP_SQLite_DB->query, WP_SQLite_DB->print_error
[13-Apr-2026 13:21:16 UTC] PHP Fatal error:  Uncaught RuntimeException: Unable to claim actions. Database error: <div style="clear:both">&nbsp;</div>
<div class="queries" style="clear:both;margin-bottom:2px;border:red dotted thin;">
<p>MySQL query:</p>
<p>UPDATE wp_actionscheduler_actions t1 JOIN ( SELECT action_id from wp_actionscheduler_actions WHERE claim_id = 0 AND scheduled_date_gmt <= '2026-04-13 13:21:16' AND status='pending' ORDER BY priority ASC, attempts ASC, scheduled_date_gmt ASC, action_id ASC LIMIT 25 FOR UPDATE ) t2 ON t1.action_id = t2.action_id SET claim_id=4, last_attempt_gmt='2026-04-13 13:21:16', last_attempt_local='2026-04-13 13:21:16'</p>
<p>Queries made or created this session were:</p>
<ol>
<li>Executing: BEGIN | (no parameters)</li>
<li>Executing: UPDATE wp_actionscheduler_actions t1 JOIN ( SELECT action_id from wp_actionscheduler_actions WHERE claim_id = 0 AND scheduled_date_gmt &lt;= :param0  AND status=:param1  ORDER BY priority ASC, attempts ASC, scheduled_date_gmt ASC, action_id ASC LIMIT 25 FOR UPDATE ) t2 ON t1.action_id = t2.action_id SET claim_id=4, last_attempt_gmt=:param2 , last_attempt_local=:param3  | parameters: 2026-04-13 13:21:16, pending, 2026-04-13 13:21:16, 2026-04-13 13:21:16</li>
<li>Executing: ROLLBACK | (no parameters)</li>
</ol>
</div>
<div style="clear:both;margin-bottom:2px;border:red dotted thin;" class="error_message" style="border-bottom:dotted blue thin;">
Error occurred at line 4117 in Function <code>handle_error</code>. Error message was: SQLSTATE[HY000]: General error: 1 near "t1": syntax error.
</div>
<p>Backtrace:</p>
<pre>#0 /workspaces/Assignment-4-part-2/.wordpress/wp-content/mu-plugins/sqlite-database-integration/wp-includes/sqlite/class-wp-sqlite-db.php(287): WP_SQLite_Translator->get_error_message()
#1 /workspaces/Assignment-4-part-2/.wordpress/wp-content/plugins/woocommerce/packages/action-scheduler/classes/data-stores/ActionScheduler_DBStore.php(1014): WP_SQLite_DB->query('UPDATE wp_actio...')
#2 /workspaces/Assignment-4-part-2/.wordpress/wp-content/plugins/woocommerce/packages/action-scheduler/classes/data-stores/ActionScheduler_DBStore.php(861): ActionScheduler_DBStore->claim_actions(4, 25, NULL, '', '')
#3 /workspaces/Assignment-4-part-2/.wordpress/wp-content/plugins/woocommerce/packages/action-scheduler/classes/data-stores/ActionScheduler_HybridStore.php(253): ActionScheduler_DBStore->stake_claim(25, NULL, Array, '')
#4 /workspaces/Assignment-4-part-2/.wordpress/wp-content/plugins/woocommerce/packages/action-scheduler/classes/ActionScheduler_QueueRunner.php(179): ActionScheduler_HybridStore->stake_claim(25)
#5 /workspaces/Assignment-4-part-2/.wordpress/wp-content/plugins/woocommerce/packages/action-scheduler/classes/ActionScheduler_QueueRunner.php(158): ActionScheduler_QueueRunner->do_batch(25, 'WP Cron')
#6 /workspaces/Assignment-4-part-2/.wordpress/wp-includes/class-wp-hook.php(341): ActionScheduler_QueueRunner->run('WP Cron')
#7 /workspaces/Assignment-4-part-2/.wordpress/wp-includes/class-wp-hook.php(365): WP_Hook->apply_filters('', Array)
#8 /workspaces/Assignment-4-part-2/.wordpress/wp-includes/plugin.php(570): WP_Hook->do_action(Array)
#9 /workspaces/Assignment-4-part-2/.wordpress/wp-cron.php(191): do_action_ref_array('action_schedule...', Array)
#10 {main}</pre>
. in /workspaces/Assignment-4-part-2/.wordpress/wp-content/plugins/woocommerce/packages/action-scheduler/classes/data-stores/ActionScheduler_DBStore.php:1019
Stack trace:
#0 /workspaces/Assignment-4-part-2/.wordpress/wp-content/plugins/woocommerce/packages/action-scheduler/classes/data-stores/ActionScheduler_DBStore.php(861): ActionScheduler_DBStore->claim_actions(4, 25, NULL, '', '')
#1 /workspaces/Assignment-4-part-2/.wordpress/wp-content/plugins/woocommerce/packages/action-scheduler/classes/data-stores/ActionScheduler_HybridStore.php(253): ActionScheduler_DBStore->stake_claim(25, NULL, Array, '')
#2 /workspaces/Assignment-4-part-2/.wordpress/wp-content/plugins/woocommerce/packages/action-scheduler/classes/ActionScheduler_QueueRunner.php(179): ActionScheduler_HybridStore->stake_claim(25)
#3 /workspaces/Assignment-4-part-2/.wordpress/wp-content/plugins/woocommerce/packages/action-scheduler/classes/ActionScheduler_QueueRunner.php(158): ActionScheduler_QueueRunner->do_batch(25, 'WP Cron')
#4 /workspaces/Assignment-4-part-2/.wordpress/wp-includes/class-wp-hook.php(341): ActionScheduler_QueueRunner->run('WP Cron')
#5 /workspaces/Assignment-4-part-2/.wordpress/wp-includes/class-wp-hook.php(365): WP_Hook->apply_filters('', Array)
#6 /workspaces/Assignment-4-part-2/.wordpress/wp-includes/plugin.php(570): WP_Hook->do_action(Array)
#7 /workspaces/Assignment-4-part-2/.wordpress/wp-cron.php(191): do_action_ref_array('action_schedule...', Array)
#8 {main}
  thrown in /workspaces/Assignment-4-part-2/.wordpress/wp-content/plugins/woocommerce/packages/action-scheduler/classes/data-stores/ActionScheduler_DBStore.php on line 1019
[13-Apr-2026 13:22:14 UTC] WordPress database error <div style="clear:both">&nbsp;</div>
<div class="queries" style="clear:both;margin-bottom:2px;border:red dotted thin;">
<p>MySQL query:</p>
<p>UPDATE wp_actionscheduler_actions t1 JOIN ( SELECT action_id from wp_actionscheduler_actions WHERE claim_id = 0 AND scheduled_date_gmt <= '2026-04-13 13:22:14' AND status='pending' ORDER BY priority ASC, attempts ASC, scheduled_date_gmt ASC, action_id ASC LIMIT 25 FOR UPDATE ) t2 ON t1.action_id = t2.action_id SET claim_id=5, last_attempt_gmt='2026-04-13 13:22:14', last_attempt_local='2026-04-13 13:22:14'</p>
<p>Queries made or created this session were:</p>
<ol>
<li>Executing: BEGIN | (no parameters)</li>
<li>Executing: UPDATE wp_actionscheduler_actions t1 JOIN ( SELECT action_id from wp_actionscheduler_actions WHERE claim_id = 0 AND scheduled_date_gmt &lt;= :param0  AND status=:param1  ORDER BY priority ASC, attempts ASC, scheduled_date_gmt ASC, action_id ASC LIMIT 25 FOR UPDATE ) t2 ON t1.action_id = t2.action_id SET claim_id=5, last_attempt_gmt=:param2 , last_attempt_local=:param3  | parameters: 2026-04-13 13:22:14, pending, 2026-04-13 13:22:14, 2026-04-13 13:22:14</li>
<li>Executing: ROLLBACK | (no parameters)</li>
</ol>
</div>
<div style="clear:both;margin-bottom:2px;border:red dotted thin;" class="error_message" style="border-bottom:dotted blue thin;">
Error occurred at line 4117 in Function <code>handle_error</code>. Error message was: SQLSTATE[HY000]: General error: 1 near "t1": syntax error.
</div>
<p>Backtrace:</p>
<pre>#0 /workspaces/Assignment-4-part-2/.wordpress/wp-content/mu-plugins/sqlite-database-integration/wp-includes/sqlite/class-wp-sqlite-db.php(287): WP_SQLite_Translator->get_error_message()
#1 /workspaces/Assignment-4-part-2/.wordpress/wp-content/plugins/woocommerce/packages/action-scheduler/classes/data-stores/ActionScheduler_DBStore.php(1014): WP_SQLite_DB->query('UPDATE wp_actio...')
#2 /workspaces/Assignment-4-part-2/.wordpress/wp-content/plugins/woocommerce/packages/action-scheduler/classes/data-stores/ActionScheduler_DBStore.php(861): ActionScheduler_DBStore->claim_actions(5, 25, NULL, '', '')
#3 /workspaces/Assignment-4-part-2/.wordpress/wp-content/plugins/woocommerce/packages/action-scheduler/classes/data-stores/ActionScheduler_HybridStore.php(253): ActionScheduler_DBStore->stake_claim(25, NULL, Array, '')
#4 /workspaces/Assignment-4-part-2/.wordpress/wp-content/plugins/woocommerce/packages/action-scheduler/classes/ActionScheduler_QueueRunner.php(179): ActionScheduler_HybridStore->stake_claim(25)
#5 /workspaces/Assignment-4-part-2/.wordpress/wp-content/plugins/woocommerce/packages/action-scheduler/classes/ActionScheduler_QueueRunner.php(158): ActionScheduler_QueueRunner->do_batch(25, 'Async Request')
#6 /workspaces/Assignment-4-part-2/.wordpress/wp-includes/class-wp-hook.php(341): ActionScheduler_QueueRunner->run('Async Request')
#7 /workspaces/Assignment-4-part-2/.wordpress/wp-includes/class-wp-hook.php(365): WP_Hook->apply_filters('', Array)
#8 /workspaces/Assignment-4-part-2/.wordpress/wp-includes/plugin.php(522): WP_Hook->do_action(Array)
#9 /workspaces/Assignment-4-part-2/.wordpress/wp-content/plugins/woocommerce/packages/action-scheduler/classes/ActionScheduler_AsyncRequest_QueueRunner.php(48): do_action('action_schedule...', 'Async Request')
#10 /workspaces/Assignment-4-part-2/.wordpress/wp-content/plugins/woocommerce/includes/libraries/wp-async-request.php(147): ActionScheduler_AsyncRequest_QueueRunner->handle()
#11 /workspaces/Assignment-4-part-2/.wordpress/wp-includes/class-wp-hook.php(341): WP_Async_Request->maybe_handle('')
#12 /workspaces/Assignment-4-part-2/.wordpress/wp-includes/class-wp-hook.php(365): WP_Hook->apply_filters('', Array)
#13 /workspaces/Assignment-4-part-2/.wordpress/wp-includes/plugin.php(522): WP_Hook->do_action(Array)
#14 /workspaces/Assignment-4-part-2/.wordpress/wp-admin/admin-ajax.php(192): do_action('wp_ajax_as_asyn...')
#15 {main}</pre>
 for query UPDATE wp_actionscheduler_actions t1 JOIN ( SELECT action_id from wp_actionscheduler_actions WHERE claim_id = 0 AND scheduled_date_gmt <= '2026-04-13 13:22:14' AND status='pending' ORDER BY priority ASC, attempts ASC, scheduled_date_gmt ASC, action_id ASC LIMIT 25 FOR UPDATE ) t2 ON t1.action_id = t2.action_id SET claim_id=5, last_attempt_gmt='2026-04-13 13:22:14', last_attempt_local='2026-04-13 13:22:14' made by do_action('wp_ajax_as_async_request_queue_runner'), WP_Hook->do_action, WP_Hook->apply_filters, WP_Async_Request->maybe_handle, ActionScheduler_AsyncRequest_QueueRunner->handle, do_action('action_scheduler_run_queue'), WP_Hook->do_action, WP_Hook->apply_filters, ActionScheduler_QueueRunner->run, ActionScheduler_QueueRunner->do_batch, ActionScheduler_HybridStore->stake_claim, ActionScheduler_DBStore->stake_claim, ActionScheduler_DBStore->claim_actions, WP_SQLite_DB->query, WP_SQLite_DB->print_error
[13-Apr-2026 13:22:14 UTC] PHP Fatal error:  Uncaught RuntimeException: Unable to claim actions. Database error: <div style="clear:both">&nbsp;</div>
<div class="queries" style="clear:both;margin-bottom:2px;border:red dotted thin;">
<p>MySQL query:</p>
<p>UPDATE wp_actionscheduler_actions t1 JOIN ( SELECT action_id from wp_actionscheduler_actions WHERE claim_id = 0 AND scheduled_date_gmt <= '2026-04-13 13:22:14' AND status='pending' ORDER BY priority ASC, attempts ASC, scheduled_date_gmt ASC, action_id ASC LIMIT 25 FOR UPDATE ) t2 ON t1.action_id = t2.action_id SET claim_id=5, last_attempt_gmt='2026-04-13 13:22:14', last_attempt_local='2026-04-13 13:22:14'</p>
<p>Queries made or created this session were:</p>
<ol>
<li>Executing: BEGIN | (no parameters)</li>
<li>Executing: UPDATE wp_actionscheduler_actions t1 JOIN ( SELECT action_id from wp_actionscheduler_actions WHERE claim_id = 0 AND scheduled_date_gmt &lt;= :param0  AND status=:param1  ORDER BY priority ASC, attempts ASC, scheduled_date_gmt ASC, action_id ASC LIMIT 25 FOR UPDATE ) t2 ON t1.action_id = t2.action_id SET claim_id=5, last_attempt_gmt=:param2 , last_attempt_local=:param3  | parameters: 2026-04-13 13:22:14, pending, 2026-04-13 13:22:14, 2026-04-13 13:22:14</li>
<li>Executing: ROLLBACK | (no parameters)</li>
</ol>
</div>
<div style="clear:both;margin-bottom:2px;border:red dotted thin;" class="error_message" style="border-bottom:dotted blue thin;">
Error occurred at line 4117 in Function <code>handle_error</code>. Error message was: SQLSTATE[HY000]: General error: 1 near "t1": syntax error.
</div>
<p>Backtrace:</p>
<pre>#0 /workspaces/Assignment-4-part-2/.wordpress/wp-content/mu-plugins/sqlite-database-integration/wp-includes/sqlite/class-wp-sqlite-db.php(287): WP_SQLite_Translator->get_error_message()
#1 /workspaces/Assignment-4-part-2/.wordpress/wp-content/plugins/woocommerce/packages/action-scheduler/classes/data-stores/ActionScheduler_DBStore.php(1014): WP_SQLite_DB->query('UPDATE wp_actio...')
#2 /workspaces/Assignment-4-part-2/.wordpress/wp-content/plugins/woocommerce/packages/action-scheduler/classes/data-stores/ActionScheduler_DBStore.php(861): ActionScheduler_DBStore->claim_actions(5, 25, NULL, '', '')
#3 /workspaces/Assignment-4-part-2/.wordpress/wp-content/plugins/woocommerce/packages/action-scheduler/classes/data-stores/ActionScheduler_HybridStore.php(253): ActionScheduler_DBStore->stake_claim(25, NULL, Array, '')
#4 /workspaces/Assignment-4-part-2/.wordpress/wp-content/plugins/woocommerce/packages/action-scheduler/classes/ActionScheduler_QueueRunner.php(179): ActionScheduler_HybridStore->stake_claim(25)
#5 /workspaces/Assignment-4-part-2/.wordpress/wp-content/plugins/woocommerce/packages/action-scheduler/classes/ActionScheduler_QueueRunner.php(158): ActionScheduler_QueueRunner->do_batch(25, 'Async Request')
#6 /workspaces/Assignment-4-part-2/.wordpress/wp-includes/class-wp-hook.php(341): ActionScheduler_QueueRunner->run('Async Request')
#7 /workspaces/Assignment-4-part-2/.wordpress/wp-includes/class-wp-hook.php(365): WP_Hook->apply_filters('', Array)
#8 /workspaces/Assignment-4-part-2/.wordpress/wp-includes/plugin.php(522): WP_Hook->do_action(Array)
#9 /workspaces/Assignment-4-part-2/.wordpress/wp-content/plugins/woocommerce/packages/action-scheduler/classes/ActionScheduler_AsyncRequest_QueueRunner.php(48): do_action('action_schedule...', 'Async Request')
#10 /workspaces/Assignment-4-part-2/.wordpress/wp-content/plugins/woocommerce/includes/libraries/wp-async-request.php(147): ActionScheduler_AsyncRequest_QueueRunner->handle()
#11 /workspaces/Assignment-4-part-2/.wordpress/wp-includes/class-wp-hook.php(341): WP_Async_Request->maybe_handle('')
#12 /workspaces/Assignment-4-part-2/.wordpress/wp-includes/class-wp-hook.php(365): WP_Hook->apply_filters('', Array)
#13 /workspaces/Assignment-4-part-2/.wordpress/wp-includes/plugin.php(522): WP_Hook->do_action(Array)
#14 /workspaces/Assignment-4-part-2/.wordpress/wp-admin/admin-ajax.php(192): do_action('wp_ajax_as_asyn...')
#15 {main}</pre>
. in /workspaces/Assignment-4-part-2/.wordpress/wp-content/plugins/woocommerce/packages/action-scheduler/classes/data-stores/ActionScheduler_DBStore.php:1019
Stack trace:
#0 /workspaces/Assignment-4-part-2/.wordpress/wp-content/plugins/woocommerce/packages/action-scheduler/classes/data-stores/ActionScheduler_DBStore.php(861): ActionScheduler_DBStore->claim_actions(5, 25, NULL, '', '')
#1 /workspaces/Assignment-4-part-2/.wordpress/wp-content/plugins/woocommerce/packages/action-scheduler/classes/data-stores/ActionScheduler_HybridStore.php(253): ActionScheduler_DBStore->stake_claim(25, NULL, Array, '')
#2 /workspaces/Assignment-4-part-2/.wordpress/wp-content/plugins/woocommerce/packages/action-scheduler/classes/ActionScheduler_QueueRunner.php(179): ActionScheduler_HybridStore->stake_claim(25)
#3 /workspaces/Assignment-4-part-2/.wordpress/wp-content/plugins/woocommerce/packages/action-scheduler/classes/ActionScheduler_QueueRunner.php(158): ActionScheduler_QueueRunner->do_batch(25, 'Async Request')
#4 /workspaces/Assignment-4-part-2/.wordpress/wp-includes/class-wp-hook.php(341): ActionScheduler_QueueRunner->run('Async Request')
#5 /workspaces/Assignment-4-part-2/.wordpress/wp-includes/class-wp-hook.php(365): WP_Hook->apply_filters('', Array)
#6 /workspaces/Assignment-4-part-2/.wordpress/wp-includes/plugin.php(522): WP_Hook->do_action(Array)
#7 /workspaces/Assignment-4-part-2/.wordpress/wp-content/plugins/woocommerce/packages/action-scheduler/classes/ActionScheduler_AsyncRequest_QueueRunner.php(48): do_action('action_schedule...', 'Async Request')
#8 /workspaces/Assignment-4-part-2/.wordpress/wp-content/plugins/woocommerce/includes/libraries/wp-async-request.php(147): ActionScheduler_AsyncRequest_QueueRunner->handle()
#9 /workspaces/Assignment-4-part-2/.wordpress/wp-includes/class-wp-hook.php(341): WP_Async_Request->maybe_handle('')
#10 /workspaces/Assignment-4-part-2/.wordpress/wp-includes/class-wp-hook.php(365): WP_Hook->apply_filters('', Array)
#11 /workspaces/Assignment-4-part-2/.wordpress/wp-includes/plugin.php(522): WP_Hook->do_action(Array)
#12 /workspaces/Assignment-4-part-2/.wordpress/wp-admin/admin-ajax.php(192): do_action('wp_ajax_as_asyn...')
#13 {main}
  thrown in /workspaces/Assignment-4-part-2/.wordpress/wp-content/plugins/woocommerce/packages/action-scheduler/classes/data-stores/ActionScheduler_DBStore.php on line 1019
[13-Apr-2026 13:22:23 UTC] Cron reschedule event error for hook: action_scheduler_run_queue, Error code: invalid_schedule, Error message: Event schedule does not exist., Data: {"schedule":"every_minute","args":["WP Cron"],"interval":60}
[13-Apr-2026 13:23:15 UTC] PHP Warning:  Undefined variable $parent_theme_name in /workspaces/Assignment-4-part-2/.wordpress/wp-content/mu-plugins/one-click-child-theme/templates/create_child_form.php on line 18
[13-Apr-2026 13:24:45 UTC] PHP Warning:  Undefined variable $parent_theme_name in /workspaces/Assignment-4-part-2/.wordpress/wp-content/mu-plugins/one-click-child-theme/templates/create_child_form.php on line 18
[13-Apr-2026 13:25:43 UTC] Invalid url passed to get_utm_ready_link function
[13-Apr-2026 13:25:43 UTC] Invalid url passed to get_utm_ready_link function
[13-Apr-2026 13:25:43 UTC] Invalid url passed to get_utm_ready_link function
[13-Apr-2026 13:25:43 UTC] Invalid url passed to get_utm_ready_link function
[13-Apr-2026 13:25:43 UTC] Invalid url passed to get_utm_ready_link function
[13-Apr-2026 13:25:43 UTC] Invalid url passed to get_utm_ready_link function
[13-Apr-2026 13:25:43 UTC] Invalid url passed to get_utm_ready_link function
[13-Apr-2026 13:25:43 UTC] Invalid url passed to get_utm_ready_link function
[13-Apr-2026 13:25:43 UTC] Invalid url passed to get_utm_ready_link function
[13-Apr-2026 13:25:43 UTC] Invalid url passed to get_utm_ready_link function
[13-Apr-2026 13:25:44 UTC] Invalid url passed to get_utm_ready_link function
[13-Apr-2026 13:25:44 UTC] Invalid url passed to get_utm_ready_link function
[13-Apr-2026 13:25:44 UTC] Invalid url passed to get_utm_ready_link function
[13-Apr-2026 13:25:44 UTC] Invalid url passed to get_utm_ready_link function
[13-Apr-2026 13:25:44 UTC] Invalid url passed to get_utm_ready_link function
[13-Apr-2026 13:25:44 UTC] Invalid url passed to get_utm_ready_link function
[13-Apr-2026 13:25:44 UTC] Invalid url passed to get_utm_ready_link function
[13-Apr-2026 13:25:44 UTC] Invalid url passed to get_utm_ready_link function
[13-Apr-2026 13:25:44 UTC] Invalid url passed to get_utm_ready_link function
[13-Apr-2026 13:25:44 UTC] Invalid url passed to get_utm_ready_link function
[13-Apr-2026 13:25:48 UTC] PHP Fatal error:  Out of memory (allocated 51052544 bytes) (tried to allocate 2822144 bytes) in /workspaces/Assignment-4-part-2/.wordpress/wp-includes/functions.php on line 4386
[13-Apr-2026 13:25:49 UTC] PHP Fatal error:  Out of memory (allocated 48234496 bytes) (tried to allocate 868352 bytes) in /workspaces/Assignment-4-part-2/.wordpress/wp-includes/functions.php on line 4386
[13-Apr-2026 13:25:49 UTC] Invalid url passed to get_utm_ready_link function
[13-Apr-2026 13:25:49 UTC] Invalid url passed to get_utm_ready_link function
[13-Apr-2026 13:25:49 UTC] Invalid url passed to get_utm_ready_link function
[13-Apr-2026 13:25:49 UTC] Invalid url passed to get_utm_ready_link function
[13-Apr-2026 13:25:49 UTC] Invalid url passed to get_utm_ready_link function
[13-Apr-2026 13:25:49 UTC] Invalid url passed to get_utm_ready_link function
[13-Apr-2026 13:25:49 UTC] Invalid url passed to get_utm_ready_link function
[13-Apr-2026 13:25:49 UTC] Invalid url passed to get_utm_ready_link function
[13-Apr-2026 13:25:49 UTC] Invalid url passed to get_utm_ready_link function
[13-Apr-2026 13:25:49 UTC] Invalid url passed to get_utm_ready_link function
[13-Apr-2026 13:25:49 UTC] PHP Fatal error:  Out of memory (allocated 48234496 bytes) (tried to allocate 8192 bytes) in /workspaces/Assignment-4-part-2/.wordpress/wp-content/themes/astra/inc/customizer/class-astra-customizer.php on line 596
[13-Apr-2026 13:25:54 UTC] Invalid url passed to get_utm_ready_link function
[13-Apr-2026 13:25:54 UTC] Invalid url passed to get_utm_ready_link function
[13-Apr-2026 13:25:54 UTC] Invalid url passed to get_utm_ready_link function
[13-Apr-2026 13:25:54 UTC] Invalid url passed to get_utm_ready_link function
[13-Apr-2026 13:25:54 UTC] Invalid url passed to get_utm_ready_link function
[13-Apr-2026 13:25:54 UTC] Invalid url passed to get_utm_ready_link function
[13-Apr-2026 13:25:54 UTC] Invalid url passed to get_utm_ready_link function
[13-Apr-2026 13:25:54 UTC] Invalid url passed to get_utm_ready_link function
[13-Apr-2026 13:25:54 UTC] PHP Fatal error:  Out of memory (allocated 41943040 bytes) (tried to allocate 1339392 bytes) in /workspaces/Assignment-4-part-2/.wordpress/wp-content/themes/astra/inc/builder/controllers/class-astra-builder-ui-controller.php on line 38
[13-Apr-2026 13:25:54 UTC] PHP Warning:  Trying to access array offset on false in /workspaces/Assignment-4-part-2/.wordpress/wp-includes/class-wp-recovery-mode-email-service.php on line 367
[13-Apr-2026 13:25:54 UTC] PHP Warning:  Trying to access array offset on false in /workspaces/Assignment-4-part-2/.wordpress/wp-includes/class-wp-recovery-mode-email-service.php on line 368
[13-Apr-2026 13:25:54 UTC] PHP Fatal error:  Out of memory (allocated 41943040 bytes) (tried to allocate 32768 bytes) in /workspaces/Assignment-4-part-2/.wordpress/wp-includes/PHPMailer/PHPMailer.php on line 2223
[13-Apr-2026 13:26:01 UTC] Invalid url passed to get_utm_ready_link function
[13-Apr-2026 13:26:01 UTC] Invalid url passed to get_utm_ready_link function
[13-Apr-2026 13:26:01 UTC] Invalid url passed to get_utm_ready_link function
[13-Apr-2026 13:26:01 UTC] Invalid url passed to get_utm_ready_link function
[13-Apr-2026 13:26:01 UTC] Invalid url passed to get_utm_ready_link function
[13-Apr-2026 13:26:01 UTC] Invalid url passed to get_utm_ready_link function
[13-Apr-2026 13:26:01 UTC] Invalid url passed to get_utm_ready_link function
[13-Apr-2026 13:26:01 UTC] Invalid url passed to get_utm_ready_link function
[13-Apr-2026 13:26:01 UTC] PHP Fatal error:  Out of memory (allocated 41943040 bytes) (tried to allocate 1339392 bytes) in /workspaces/Assignment-4-part-2/.wordpress/wp-content/themes/astra/inc/builder/controllers/class-astra-builder-ui-controller.php on line 38
[13-Apr-2026 13:27:49 UTC] PHP Fatal error:  Out of memory (allocated 41943040 bytes) (tried to allocate 20480 bytes) in /workspaces/Assignment-4-part-2/.wordpress/wp-includes/functions.php on line 4681
[13-Apr-2026 13:27:54 UTC] PHP Fatal error:  Out of memory (allocated 41943040 bytes) (tried to allocate 20480 bytes) in /workspaces/Assignment-4-part-2/.wordpress/wp-includes/functions.php on line 4681
[13-Apr-2026 13:28:02 UTC] PHP Fatal error:  Out of memory (allocated 41943040 bytes) (tried to allocate 20480 bytes) in /workspaces/Assignment-4-part-2/.wordpress/wp-includes/functions.php on line 4681
[13-Apr-2026 13:28:21 UTC] PHP Fatal error:  Out of memory (allocated 41943040 bytes) (tried to allocate 20480 bytes) in /workspaces/Assignment-4-part-2/.wordpress/wp-includes/functions.php on line 4681
[13-Apr-2026 14:06:44 UTC] PHP Fatal error:  Out of memory (allocated 39845888 bytes) (tried to allocate 65536 bytes) in /workspaces/Assignment-4-part-2/.wordpress/wp-admin/includes/deprecated.php on line 940
[13-Apr-2026 14:06:44 UTC] PHP Fatal error:  Out of memory (allocated 39845888 bytes) (tried to allocate 65536 bytes) in Unknown on line 0
[13-Apr-2026 14:08:45 UTC] PHP Fatal error:  Out of memory (allocated 39845888 bytes) (tried to allocate 65536 bytes) in /workspaces/Assignment-4-part-2/.wordpress/wp-admin/includes/deprecated.php on line 940
[13-Apr-2026 14:08:45 UTC] PHP Fatal error:  Out of memory (allocated 39845888 bytes) (tried to allocate 65536 bytes) in Unknown on line 0
[13-Apr-2026 14:10:46 UTC] PHP Fatal error:  Out of memory (allocated 39845888 bytes) (tried to allocate 65536 bytes) in /workspaces/Assignment-4-part-2/.wordpress/wp-admin/includes/deprecated.php on line 940
[13-Apr-2026 14:10:46 UTC] PHP Fatal error:  Out of memory (allocated 39845888 bytes) (tried to allocate 65536 bytes) in Unknown on line 0
[13-Apr-2026 14:12:47 UTC] PHP Fatal error:  Out of memory (allocated 39845888 bytes) (tried to allocate 65536 bytes) in /workspaces/Assignment-4-part-2/.wordpress/wp-admin/includes/deprecated.php on line 940
[13-Apr-2026 14:12:47 UTC] PHP Fatal error:  Out of memory (allocated 39845888 bytes) (tried to allocate 65536 bytes) in Unknown on line 0
[13-Apr-2026 14:14:48 UTC] PHP Fatal error:  Out of memory (allocated 39845888 bytes) (tried to allocate 65536 bytes) in /workspaces/Assignment-4-part-2/.wordpress/wp-admin/includes/deprecated.php on line 940
[13-Apr-2026 14:14:48 UTC] PHP Fatal error:  Out of memory (allocated 39845888 bytes) (tried to allocate 65536 bytes) in Unknown on line 0
[13-Apr-2026 14:16:49 UTC] PHP Fatal error:  Out of memory (allocated 39845888 bytes) (tried to allocate 65536 bytes) in /workspaces/Assignment-4-part-2/.wordpress/wp-admin/includes/deprecated.php on line 940
[13-Apr-2026 14:16:49 UTC] PHP Fatal error:  Out of memory (allocated 39845888 bytes) (tried to allocate 65536 bytes) in Unknown on line 0
[13-Apr-2026 14:18:50 UTC] PHP Fatal error:  Out of memory (allocated 39845888 bytes) (tried to allocate 65536 bytes) in /workspaces/Assignment-4-part-2/.wordpress/wp-admin/includes/deprecated.php on line 940
[13-Apr-2026 14:18:50 UTC] PHP Fatal error:  Out of memory (allocated 39845888 bytes) (tried to allocate 65536 bytes) in Unknown on line 0
[13-Apr-2026 14:20:51 UTC] PHP Fatal error:  Out of memory (allocated 39845888 bytes) (tried to allocate 65536 bytes) in /workspaces/Assignment-4-part-2/.wordpress/wp-admin/includes/deprecated.php on line 940
[13-Apr-2026 14:20:51 UTC] PHP Fatal error:  Out of memory (allocated 39845888 bytes) (tried to allocate 65536 bytes) in Unknown on line 0
[13-Apr-2026 14:22:52 UTC] PHP Fatal error:  Out of memory (allocated 39845888 bytes) (tried to allocate 65536 bytes) in /workspaces/Assignment-4-part-2/.wordpress/wp-admin/includes/deprecated.php on line 940
[13-Apr-2026 14:22:52 UTC] PHP Fatal error:  Out of memory (allocated 39845888 bytes) (tried to allocate 65536 bytes) in Unknown on line 0
[13-Apr-2026 14:24:53 UTC] PHP Fatal error:  Out of memory (allocated 39845888 bytes) (tried to allocate 65536 bytes) in /workspaces/Assignment-4-part-2/.wordpress/wp-admin/includes/deprecated.php on line 588
[13-Apr-2026 14:24:53 UTC] PHP Fatal error:  Out of memory (allocated 39845888 bytes) (tried to allocate 65536 bytes) in /workspaces/Assignment-4-part-2/.wordpress/wp-includes/class-wp-fatal-error-handler.php on line 55
[13-Apr-2026 14:26:54 UTC] PHP Fatal error:  Out of memory (allocated 39845888 bytes) (tried to allocate 65536 bytes) in /workspaces/Assignment-4-part-2/.wordpress/wp-admin/includes/deprecated.php on line 940
[13-Apr-2026 14:26:54 UTC] PHP Fatal error:  Out of memory (allocated 39845888 bytes) (tried to allocate 65536 bytes) in Unknown on line 0
[13-Apr-2026 14:28:55 UTC] PHP Fatal error:  Out of memory (allocated 39845888 bytes) (tried to allocate 65536 bytes) in /workspaces/Assignment-4-part-2/.wordpress/wp-admin/includes/deprecated.php on line 940
[13-Apr-2026 14:28:55 UTC] PHP Fatal error:  Out of memory (allocated 39845888 bytes) (tried to allocate 65536 bytes) in Unknown on line 0
[13-Apr-2026 14:30:56 UTC] PHP Fatal error:  Out of memory (allocated 39845888 bytes) (tried to allocate 65536 bytes) in /workspaces/Assignment-4-part-2/.wordpress/wp-admin/includes/deprecated.php on line 940
[13-Apr-2026 14:30:56 UTC] PHP Fatal error:  Out of memory (allocated 39845888 bytes) (tried to allocate 65536 bytes) in Unknown on line 0
[13-Apr-2026 14:32:57 UTC] PHP Fatal error:  Out of memory (allocated 39845888 bytes) (tried to allocate 65536 bytes) in /workspaces/Assignment-4-part-2/.wordpress/wp-admin/includes/deprecated.php on line 940
[13-Apr-2026 14:32:57 UTC] PHP Fatal error:  Out of memory (allocated 39845888 bytes) (tried to allocate 65536 bytes) in Unknown on line 0
[13-Apr-2026 14:34:59 UTC] PHP Fatal error:  Out of memory (allocated 39845888 bytes) (tried to allocate 65536 bytes) in /workspaces/Assignment-4-part-2/.wordpress/wp-admin/includes/deprecated.php on line 940
[13-Apr-2026 14:34:59 UTC] PHP Fatal error:  Out of memory (allocated 39845888 bytes) (tried to allocate 65536 bytes) in Unknown on line 0
[13-Apr-2026 14:37:00 UTC] PHP Fatal error:  Out of memory (allocated 39845888 bytes) (tried to allocate 65536 bytes) in /workspaces/Assignment-4-part-2/.wordpress/wp-admin/includes/deprecated.php on line 940
[13-Apr-2026 14:37:00 UTC] PHP Fatal error:  Out of memory (allocated 39845888 bytes) (tried to allocate 65536 bytes) in Unknown on line 0
[13-Apr-2026 14:39:01 UTC] PHP Fatal error:  Out of memory (allocated 39845888 bytes) (tried to allocate 65536 bytes) in /workspaces/Assignment-4-part-2/.wordpress/wp-admin/includes/deprecated.php on line 940
[13-Apr-2026 14:39:01 UTC] PHP Fatal error:  Out of memory (allocated 39845888 bytes) (tried to allocate 65536 bytes) in Unknown on line 0
[13-Apr-2026 14:41:02 UTC] PHP Fatal error:  Out of memory (allocated 39845888 bytes) (tried to allocate 65536 bytes) in /workspaces/Assignment-4-part-2/.wordpress/wp-admin/includes/deprecated.php on line 940
[13-Apr-2026 14:41:02 UTC] PHP Fatal error:  Out of memory (allocated 39845888 bytes) (tried to allocate 65536 bytes) in Unknown on line 0
[13-Apr-2026 14:43:03 UTC] PHP Fatal error:  Out of memory (allocated 39845888 bytes) (tried to allocate 65536 bytes) in /workspaces/Assignment-4-part-2/.wordpress/wp-admin/includes/deprecated.php on line 940
[13-Apr-2026 14:43:03 UTC] PHP Fatal error:  Out of memory (allocated 39845888 bytes) (tried to allocate 65536 bytes) in Unknown on line 0
[13-Apr-2026 14:45:04 UTC] PHP Fatal error:  Out of memory (allocated 39845888 bytes) (tried to allocate 65536 bytes) in /workspaces/Assignment-4-part-2/.wordpress/wp-admin/includes/deprecated.php on line 940
[13-Apr-2026 14:45:04 UTC] PHP Fatal error:  Out of memory (allocated 39845888 bytes) (tried to allocate 65536 bytes) in Unknown on line 0
[13-Apr-2026 14:47:05 UTC] PHP Fatal error:  Out of memory (allocated 39845888 bytes) (tried to allocate 65536 bytes) in /workspaces/Assignment-4-part-2/.wordpress/wp-admin/includes/deprecated.php on line 940
[13-Apr-2026 14:47:05 UTC] PHP Fatal error:  Out of memory (allocated 39845888 bytes) (tried to allocate 65536 bytes) in Unknown on line 0
[13-Apr-2026 14:49:08 UTC] PHP Fatal error:  Out of memory (allocated 39845888 bytes) (tried to allocate 65536 bytes) in /workspaces/Assignment-4-part-2/.wordpress/wp-admin/includes/deprecated.php on line 940
[13-Apr-2026 14:49:08 UTC] PHP Fatal error:  Out of memory (allocated 39845888 bytes) (tried to allocate 65536 bytes) in Unknown on line 0
[13-Apr-2026 14:51:07 UTC] PHP Fatal error:  Out of memory (allocated 39845888 bytes) (tried to allocate 65536 bytes) in /workspaces/Assignment-4-part-2/.wordpress/wp-admin/includes/deprecated.php on line 940
[13-Apr-2026 14:51:07 UTC] PHP Fatal error:  Out of memory (allocated 39845888 bytes) (tried to allocate 65536 bytes) in Unknown on line 0
[13-Apr-2026 14:53:08 UTC] PHP Fatal error:  Out of memory (allocated 39845888 bytes) (tried to allocate 65536 bytes) in /workspaces/Assignment-4-part-2/.wordpress/wp-admin/includes/deprecated.php on line 940
[13-Apr-2026 14:53:08 UTC] PHP Fatal error:  Out of memory (allocated 39845888 bytes) (tried to allocate 65536 bytes) in Unknown on line 0
[13-Apr-2026 14:55:08 UTC] PHP Fatal error:  Out of memory (allocated 39845888 bytes) (tried to allocate 65536 bytes) in /workspaces/Assignment-4-part-2/.wordpress/wp-admin/includes/deprecated.php on line 588
[13-Apr-2026 14:55:08 UTC] PHP Fatal error:  Out of memory (allocated 39845888 bytes) (tried to allocate 65536 bytes) in /workspaces/Assignment-4-part-2/.wordpress/wp-includes/class-wp-fatal-error-handler.php on line 55
[13-Apr-2026 14:57:09 UTC] PHP Fatal error:  Out of memory (allocated 39845888 bytes) (tried to allocate 65536 bytes) in /workspaces/Assignment-4-part-2/.wordpress/wp-admin/includes/deprecated.php on line 940
[13-Apr-2026 14:57:09 UTC] PHP Fatal error:  Out of memory (allocated 39845888 bytes) (tried to allocate 65536 bytes) in Unknown on line 0
[13-Apr-2026 14:59:10 UTC] PHP Fatal error:  Out of memory (allocated 39845888 bytes) (tried to allocate 65536 bytes) in /workspaces/Assignment-4-part-2/.wordpress/wp-admin/includes/deprecated.php on line 940
[13-Apr-2026 14:59:10 UTC] PHP Fatal error:  Out of memory (allocated 39845888 bytes) (tried to allocate 65536 bytes) in Unknown on line 0
[13-Apr-2026 15:01:11 UTC] PHP Fatal error:  Out of memory (allocated 39845888 bytes) (tried to allocate 65536 bytes) in /workspaces/Assignment-4-part-2/.wordpress/wp-admin/includes/deprecated.php on line 940
[13-Apr-2026 15:01:11 UTC] PHP Fatal error:  Out of memory (allocated 39845888 bytes) (tried to allocate 65536 bytes) in Unknown on line 0
